  ObjMeshSpliter.cpp
c:\users\hansp\documents\visual studio 2017\projects\objmeshspliter\objmeshspliter\obj_loader.h(652): warning C4018: '<': signed/unsigned mismatch
c:\users\hansp\documents\visual studio 2017\projects\objmeshspliter\objmeshspliter\obj_loader.h(689): warning C4018: '<': signed/unsigned mismatch
c:\users\hansp\documents\visual studio 2017\projects\objmeshspliter\objmeshspliter\obj_loader.h(695): warning C4018: '<': signed/unsigned mismatch
c:\users\hansp\documents\visual studio 2017\projects\objmeshspliter\objmeshspliter\obj_loader.h(949): warning C4244: 'initializing': conversion from 'double' to 'float', possible loss of data
c:\users\hansp\documents\visual studio 2017\projects\objmeshspliter\objmeshspliter\obj_io.h(6): error C2065: 'string': undeclared identifier
c:\users\hansp\documents\visual studio 2017\projects\objmeshspliter\objmeshspliter\obj_io.h(6): error C2146: syntax error: missing ')' before identifier 'filename'
c:\users\hansp\documents\visual studio 2017\projects\objmeshspliter\objmeshspliter\obj_io.h(8): error C2065: 'string': undeclared identifier
c:\users\hansp\documents\visual studio 2017\projects\objmeshspliter\objmeshspliter\obj_io.h(8): error C2146: syntax error: missing ')' before identifier 'filename'
c:\users\hansp\documents\visual studio 2017\projects\objmeshspliter\objmeshspliter\obj_io.h(12): error C2065: 'string': undeclared identifier
c:\users\hansp\documents\visual studio 2017\projects\objmeshspliter\objmeshspliter\obj_io.h(12): error C2146: syntax error: missing ')' before identifier 'output_filename'
c:\users\hansp\documents\visual studio 2017\projects\objmeshspliter\objmeshspliter\obj_io.h(16): error C2065: 'string': undeclared identifier
c:\users\hansp\documents\visual studio 2017\projects\objmeshspliter\objmeshspliter\obj_io.h(16): error C2146: syntax error: missing ')' before identifier 's'
c:\users\hansp\documents\visual studio 2017\projects\objmeshspliter\objmeshspliter\obj_io.h(17): error C2065: 'string': undeclared identifier
c:\users\hansp\documents\visual studio 2017\projects\objmeshspliter\objmeshspliter\obj_io.h(17): error C2146: syntax error: missing ')' before identifier 's'
c:\users\hansp\documents\visual studio 2017\projects\objmeshspliter\objmeshspliter\obj_io.h(18): error C2014: preprocessor command must start as first nonwhite space
c:\users\hansp\documents\visual studio 2017\projects\objmeshspliter\objmeshspliter\objmeshspliter.cpp(47): warning C4018: '<': signed/unsigned mismatch
c:\users\hansp\documents\visual studio 2017\projects\objmeshspliter\objmeshspliter\objmeshspliter.cpp(53): error C2065: 'file': undeclared identifier
c:\users\hansp\documents\visual studio 2017\projects\objmeshspliter\objmeshspliter\objmeshspliter.cpp(56): error C2065: 'file': undeclared identifier
c:\users\hansp\documents\visual studio 2017\projects\objmeshspliter\objmeshspliter\objmeshspliter.cpp(60): error C2065: 'file': undeclared identifier
c:\users\hansp\documents\visual studio 2017\projects\objmeshspliter\objmeshspliter\objmeshspliter.cpp(62): error C2975: '_Size': invalid template argument for 'std::array', expected compile-time constant expression
  c:\program files (x86)\microsoft visual studio\2017\community\vc\tools\msvc\14.15.26726\include\tuple(1092): note: see declaration of '_Size'
c:\users\hansp\documents\visual studio 2017\projects\objmeshspliter\objmeshspliter\objmeshspliter.cpp(62): error C2079: 'VertexToTriangle' uses undefined class 'std::array<std::list<int,std::allocator<_Ty>>,0>'
          with
          [
              _Ty=int
          ]
c:\users\hansp\documents\visual studio 2017\projects\objmeshspliter\objmeshspliter\objmeshspliter.cpp(70): error C2296: '<<': illegal, left operand has type 'const char [12]'
c:\users\hansp\documents\visual studio 2017\projects\objmeshspliter\objmeshspliter\objmeshspliter.cpp(73): warning C4018: '<': signed/unsigned mismatch
c:\users\hansp\documents\visual studio 2017\projects\objmeshspliter\objmeshspliter\objmeshspliter.cpp(75): error C2109: subscript requires array or pointer type
c:\users\hansp\documents\visual studio 2017\projects\objmeshspliter\objmeshspliter\objmeshspliter.cpp(76): error C2109: subscript requires array or pointer type
c:\users\hansp\documents\visual studio 2017\projects\objmeshspliter\objmeshspliter\objmeshspliter.cpp(77): error C2109: subscript requires array or pointer type
c:\users\hansp\documents\visual studio 2017\projects\objmeshspliter\objmeshspliter\objmeshspliter.cpp(81): error C2065: 'list': undeclared identifier
c:\users\hansp\documents\visual studio 2017\projects\objmeshspliter\objmeshspliter\objmeshspliter.cpp(81): error C2062: type 'int' unexpected
c:\users\hansp\documents\visual studio 2017\projects\objmeshspliter\objmeshspliter\objmeshspliter.cpp(85): error C2109: subscript requires array or pointer type
c:\users\hansp\documents\visual studio 2017\projects\objmeshspliter\objmeshspliter\objmeshspliter.cpp(87): error C2664: 'std::_Tree_const_iterator<std::_Tree_val<std::_Tree_simple_types<_Ty>>> std::_Tree<std::_Tmap_traits<_Kty,bool,_Pr,_Alloc,false>>::find(const int &) const': cannot convert argument 1 from 'std::_List_iterator<std::_List_val<std::_List_simple_types<_Ty>>>' to 'const int &'
          with
          [
              _Ty=std::pair<const int,bool>,
              _Kty=int,
              _Pr=std::less<int>,
              _Alloc=std::allocator<std::pair<const int,bool>>
          ]
          and
          [
              _Ty=int
          ]
  c:\users\hansp\documents\visual studio 2017\projects\objmeshspliter\objmeshspliter\objmeshspliter.cpp(87): note: Reason: cannot convert from 'std::_List_iterator<std::_List_val<std::_List_simple_types<_Ty>>>' to 'const int'
          with
          [
              _Ty=int
          ]
  c:\users\hansp\documents\visual studio 2017\projects\objmeshspliter\objmeshspliter\objmeshspliter.cpp(87): note: No user-defined-conversion operator available that can perform this conversion, or the operator cannot be called
c:\users\hansp\documents\visual studio 2017\projects\objmeshspliter\objmeshspliter\objmeshspliter.cpp(91): error C2065: 'mymap': undeclared identifier
c:\users\hansp\documents\visual studio 2017\projects\objmeshspliter\objmeshspliter\objmeshspliter.cpp(91): error C2440: '<function-style-cast>': cannot convert from 'initializer list' to 'std::pair<int,bool>'
  c:\users\hansp\documents\visual studio 2017\projects\objmeshspliter\objmeshspliter\objmeshspliter.cpp(91): note: No constructor could take the source type, or constructor overload resolution was ambiguous
c:\users\hansp\documents\visual studio 2017\projects\objmeshspliter\objmeshspliter\objmeshspliter.cpp(92): error C2065: 'face_node': undeclared identifier
c:\users\hansp\documents\visual studio 2017\projects\objmeshspliter\objmeshspliter\objmeshspliter.cpp(92): error C2676: binary '*': 'std::_List_iterator<std::_List_val<std::_List_simple_types<_Ty>>>' does not define this operator or a conversion to a type acceptable to the predefined operator
          with
          [
              _Ty=int
          ]
c:\users\hansp\documents\visual studio 2017\projects\objmeshspliter\objmeshspliter\objmeshspliter.cpp(93): error C2065: 'face_node': undeclared identifier
c:\users\hansp\documents\visual studio 2017\projects\objmeshspliter\objmeshspliter\objmeshspliter.cpp(93): error C2676: binary '*': 'std::_List_iterator<std::_List_val<std::_List_simple_types<_Ty>>>' does not define this operator or a conversion to a type acceptable to the predefined operator
          with
          [
              _Ty=int
          ]
c:\users\hansp\documents\visual studio 2017\projects\objmeshspliter\objmeshspliter\objmeshspliter.cpp(94): error C2065: 'face_node': undeclared identifier
c:\users\hansp\documents\visual studio 2017\projects\objmeshspliter\objmeshspliter\objmeshspliter.cpp(94): error C2676: binary '*': 'std::_List_iterator<std::_List_val<std::_List_simple_types<_Ty>>>' does not define this operator or a conversion to a type acceptable to the predefined operator
          with
          [
              _Ty=int
          ]
c:\users\hansp\documents\visual studio 2017\projects\objmeshspliter\objmeshspliter\objmeshspliter.cpp(99): error C2065: 'face_node': undeclared identifier
c:\users\hansp\documents\visual studio 2017\projects\objmeshspliter\objmeshspliter\objmeshspliter.cpp(99): error C2133: 'face_node_array': unknown size
c:\users\hansp\documents\visual studio 2017\projects\objmeshspliter\objmeshspliter\objmeshspliter.cpp(100): error C2065: 'face_node': undeclared identifier
c:\users\hansp\documents\visual studio 2017\projects\objmeshspliter\objmeshspliter\objmeshspliter.cpp(104): error C2065: 'face_node': undeclared identifier
c:\users\hansp\documents\visual studio 2017\projects\objmeshspliter\objmeshspliter\objmeshspliter.cpp(105): error C2131: expression did not evaluate to a constant
  c:\users\hansp\documents\visual studio 2017\projects\objmeshspliter\objmeshspliter\objmeshspliter.cpp(105): note: failure was caused by a read of a variable outside its lifetime
  c:\users\hansp\documents\visual studio 2017\projects\objmeshspliter\objmeshspliter\objmeshspliter.cpp(105): note: see usage of 'face_num'
c:\users\hansp\documents\visual studio 2017\projects\objmeshspliter\objmeshspliter\objmeshspliter.cpp(106): error C2065: 'face_node': undeclared identifier
c:\users\hansp\documents\visual studio 2017\projects\objmeshspliter\objmeshspliter\objmeshspliter.cpp(108): error C3863: array type 'int [face_num]' is not assignable
c:\users\hansp\documents\visual studio 2017\projects\objmeshspliter\objmeshspliter\objmeshspliter.cpp(111): error C2131: expression did not evaluate to a constant
  c:\users\hansp\documents\visual studio 2017\projects\objmeshspliter\objmeshspliter\objmeshspliter.cpp(111): note: failure was caused by a read of a variable outside its lifetime
  c:\users\hansp\documents\visual studio 2017\projects\objmeshspliter\objmeshspliter\objmeshspliter.cpp(111): note: see usage of 'node_num'
c:\users\hansp\documents\visual studio 2017\projects\objmeshspliter\objmeshspliter\objmeshspliter.cpp(112): error C2131: expression did not evaluate to a constant
  c:\users\hansp\documents\visual studio 2017\projects\objmeshspliter\objmeshspliter\objmeshspliter.cpp(112): note: failure was caused by call of undefined function or one not declared 'constexpr'
  c:\users\hansp\documents\visual studio 2017\projects\objmeshspliter\objmeshspliter\objmeshspliter.cpp(112): note: see usage of 'std::vector<objl::Vertex,std::allocator<_Ty>>::size'
          with
          [
              _Ty=objl::Vertex
          ]
c:\users\hansp\documents\visual studio 2017\projects\objmeshspliter\objmeshspliter\objmeshspliter.cpp(113): error C2131: expression did not evaluate to a constant
  c:\users\hansp\documents\visual studio 2017\projects\objmeshspliter\objmeshspliter\objmeshspliter.cpp(113): note: failure was caused by call of undefined function or one not declared 'constexpr'
  c:\users\hansp\documents\visual studio 2017\projects\objmeshspliter\objmeshspliter\objmeshspliter.cpp(113): note: see usage of 'std::vector<objl::Vertex,std::allocator<_Ty>>::size'
          with
          [
              _Ty=objl::Vertex
          ]
c:\users\hansp\documents\visual studio 2017\projects\objmeshspliter\objmeshspliter\objmeshspliter.cpp(114): warning C4018: '<': signed/unsigned mismatch
c:\users\hansp\documents\visual studio 2017\projects\objmeshspliter\objmeshspliter\objmeshspliter.cpp(116): error C3863: array type 'double [node_num]' is not assignable
c:\users\hansp\documents\visual studio 2017\projects\objmeshspliter\objmeshspliter\objmeshspliter.cpp(117): error C3863: array type 'int ['function']' is not assignable
c:\users\hansp\documents\visual studio 2017\projects\objmeshspliter\objmeshspliter\objmeshspliter.cpp(118): error C3863: array type 'int ['function']' is not assignable
c:\users\hansp\documents\visual studio 2017\projects\objmeshspliter\objmeshspliter\objmeshspliter.cpp(135): error C2065: 'file': undeclared identifier
c:\users\hansp\documents\visual studio 2017\projects\objmeshspliter\objmeshspliter\objmeshspliter.cpp(142): error C2065: 'file': undeclared identifier
